{
  "RSpec": {
    "coverage": {
      "/home/poustovitss/test tasks/simple_messenger/spec/controllers/admin_users_controller_spec.rb": [
        1,
        null,
        1,
        1,
        36,
        1,
        35,
        null,
        null,
        1,
        1,
        3,
        null,
        null,
        1,
        1,
        null,
        null,
        1,
        1,
        null,
        null,
        1,
        1,
        1,
        null,
        null,
        null,
        1,
        4,
        1,
        3,
        null,
        null,
        1,
        1,
        null,
        null,
        1,
        1,
        null,
        null,
        1,
        1,
        null,
        null,
        null,
        1,
        6,
        null,
        1,
        4,
        null,
        1,
        1,
        1,
        null,
        null,
        1,
        1,
        1,
        1,
        null,
        null,
        1,
        1,
        1,
        null,
        null,
        null,
        1,
        3,
        null,
        1,
        1,
        1,
        null,
        null,
        1,
        1,
        1,
        1,
        null,
        null,
        null,
        null,
        1,
        1,
        2,
        null,
        null,
        1,
        1,
        null,
        null,
        1,
        1,
        null,
        null,
        null,
        1,
        4,
        null,
        1,
        1,
        1,
        1,
        null,
        null,
        1,
        1,
        1,
        null,
        null,
        null,
        1,
        1,
        1,
        null,
        null,
        null,
        1,
        3,
        null,
        1,
        1,
        1,
        null,
        null,
        1,
        1,
        1,
        null,
        null,
        null,
        null,
        null,
        1,
        4,
        null,
        1,
        1,
        1,
        null,
        null,
        1,
        1,
        1,
        null,
        null,
        1,
        1,
        1,
        null,
        null,
        1,
        1,
        1,
        1,
        1,
        null,
        null,
        1,
        1,
        1,
        null,
        null,
        null,
        null,
        1,
        1,
        2,
        null,
        null,
        1,
        1,
        null,
        null,
        1,
        1,
        null,
        null,
        null,
        1,
        4,
        4,
        1,
        3,
        null,
        null,
        1,
        1,
        null,
        null,
        1,
        1,
        1,
        null,
        null,
        1,
        1,
        null,
        null,
        null,
        1,
        1,
        3,
        3,
        null,
        1,
        4,
        null,
        null,
        1,
        3,
        1,
        2,
        null,
        null,
        1,
        1,
        1,
        null,
        null,
        1,
        1,
        null,
        null,
        null,
        1,
        3,
        1,
        2,
        null,
        null,
        1,
        1,
        1,
        null,
        null,
        1,
        1,
        null,
        null,
        null,
        null,
        1,
        1,
        3,
        null,
        null,
        1,
        1,
        null,
        null,
        1,
        1,
        1,
        null,
        null,
        1,
        1,
        null,
        null,
        null,
        null,
        null
      ],
      "/home/poustovitss/test tasks/simple_messenger/spec/rails_helper.rb": [
        null,
        1,
        1,
        null,
        1,
        1,
        1,
        1,
        null,
        null,
        null,
        null,
        null,
        null,
        null,
        null,
        null,
        null,
        null,
        null,
        null,
        null,
        null,
        null,
        null,
        null,
        null,
        1,
        null,
        1,
        1,
        1,
        1,
        null,
        null,
        1,
        119,
        119,
        null,
        null,
        null,
        null,
        1,
        null,
        null,
        null,
        null,
        1,
        null,
        null,
        null,
        null,
        null,
        null,
        null,
        null,
        null,
        null,
        null,
        null,
        null,
        null,
        1,
        null,
        null,
        1,
        null,
        null,
        null,
        1,
        null,
        null,
        1,
        1,
        1,
        1,
        null,
        null
      ],
      "/home/poustovitss/test tasks/simple_messenger/config/environment.rb": [
        null,
        1,
        null,
        null,
        1
      ],
      "/home/poustovitss/test tasks/simple_messenger/config/application.rb": [
        1,
        null,
        1,
        null,
        1,
        1,
        1,
        1,
        1,
        1,
        1,
        1,
        null,
        null,
        null,
        null,
        1,
        null,
        1,
        1,
        1,
        1,
        null,
        null,
        null,
        null,
        null
      ],
      "/home/poustovitss/test tasks/simple_messenger/config/boot.rb": [
        1,
        null,
        1
      ],
      "/home/poustovitss/test tasks/simple_messenger/config/spring.rb": [
        null,
        null,
        null,
        null,
        null,
        5
      ],
      "/home/poustovitss/test tasks/simple_messenger/config/environments/test.rb": [
        1,
        null,
        null,
        null,
        null,
        null,
        null,
        1,
        null,
        null,
        null,
        null,
        1,
        null,
        null,
        1,
        1,
        null,
        null,
        null,
        null,
        1,
        1,
        null,
        null,
        1,
        null,
        null,
        1,
        1,
        null,
        null,
        null,
        null,
        1,
        null,
        null,
        1,
        null,
        null,
        null,
        null
      ],
      "/home/poustovitss/test tasks/simple_messenger/config/initializers/application_controller_renderer.rb": [
        null,
        null,
        null,
        null,
        null,
        null
      ],
      "/home/poustovitss/test tasks/simple_messenger/config/initializers/assets.rb": [
        null,
        null,
        null,
        1,
        null,
        null,
        null,
        null,
        null,
        null,
        null
      ],
      "/home/poustovitss/test tasks/simple_messenger/config/initializers/backtrace_silencers.rb": [
        null,
        null,
        null,
        null,
        null,
        null,
        null
      ],
      "/home/poustovitss/test tasks/simple_messenger/config/initializers/cookies_serializer.rb": [
        null,
        null,
        null,
        null,
        1
      ],
      "/home/poustovitss/test tasks/simple_messenger/config/initializers/devise.rb": [
        null,
        null,
        1,
        1,
        null,
        null,
        null,
        null,
        null,
        null,
        null,
        null,
        null,
        null,
        null,
        1,
        null,
        null,
        null,
        null,
        null,
        null,
        null,
        null,
        null,
        null,
        null,
        1,
        null,
        null,
        null,
        null,
        null,
        null,
        null,
        null,
        null,
        null,
        null,
        null,
        null,
        null,
        null,
        null,
        null,
        null,
        null,
        null,
        null,
        1,
        null,
        null,
        null,
        null,
        1,
        null,
        null,
        null,
        null,
        null,
        null,
        null,
        null,
        null,
        null,
        null,
        null,
        null,
        null,
        null,
        null,
        null,
        null,
        null,
        null,
        null,
        null,
        null,
        null,
        null,
        null,
        null,
        null,
        null,
        null,
        1,
        null,
        null,
        null,
        null,
        null,
        null,
        null,
        null,
        null,
        null,
        null,
        null,
        null,
        null,
        null,
        null,
        null,
        null,
        null,
        null,
        null,
        null,
        1,
        null,
        null,
        null,
        null,
        null,
        null,
        null,
        null,
        null,
        null,
        null,
        null,
        null,
        null,
        null,
        null,
        null,
        null,
        null,
        null,
        null,
        null,
        null,
        null,
        null,
        null,
        null,
        null,
        null,
        null,
        1,
        null,
        null,
        null,
        null,
        null,
        null,
        null,
        null,
        null,
        1,
        null,
        null,
        null,
        null,
        null,
        null,
        null,
        null,
        null,
        null,
        1,
        null,
        null,
        null,
        null,
        1,
        null,
        null,
        null,
        null,
        null,
        null,
        null,
        null,
        null,
        null,
        null,
        null,
        null,
        null,
        null,
        null,
        null,
        null,
        null,
        null,
        null,
        null,
        null,
        null,
        null,
        null,
        null,
        null,
        null,
        null,
        null,
        null,
        null,
        null,
        null,
        null,
        null,
        null,
        null,
        null,
        1,
        null,
        null,
        null,
        null,
        null,
        null,
        null,
        null,
        null,
        null,
        null,
        null,
        null,
        null,
        null,
        null,
        null,
        null,
        null,
        null,
        null,
        null,
        null,
        null,
        null,
        null,
        null,
        null,
        null,
        null,
        null,
        null,
        null,
        null,
        null,
        null,
        null,
        null,
        null,
        null,
        null,
        1,
        null,
        null,
        null,
        null,
        null,
        null,
        null,
        null,
        null,
        null,
        null,
        null,
        null,
        null,
        null,
        null,
        null,
        null,
        null,
        null,
        null,
        null,
        null,
        null,
        null,
        null,
        null,
        null,
        null
      ],
      "/home/poustovitss/test tasks/simple_messenger/config/initializers/filter_parameter_logging.rb": [
        null,
        null,
        null,
        1
      ],
      "/home/poustovitss/test tasks/simple_messenger/config/initializers/inflections.rb": [
        null,
        null,
        null,
        null,
        null,
        null,
        null,
        null,
        null,
        null,
        null,
        null,
        null,
        null,
        null,
        null
      ],
      "/home/poustovitss/test tasks/simple_messenger/config/initializers/mime_types.rb": [
        null,
        null,
        null,
        null
      ],
      "/home/poustovitss/test tasks/simple_messenger/config/initializers/new_framework_defaults.rb": [
        null,
        null,
        null,
        null,
        null,
        null,
        null,
        1,
        null,
        null,
        1,
        null,
        null,
        null,
        1,
        null,
        null,
        1,
        null,
        null,
        1,
        null,
        null,
        1
      ],
      "/home/poustovitss/test tasks/simple_messenger/config/initializers/session_store.rb": [
        null,
        null,
        1
      ],
      "/home/poustovitss/test tasks/simple_messenger/config/initializers/simple_form.rb": [
        null,
        1,
        null,
        null,
        null,
        null,
        null,
        1,
        null,
        null,
        null,
        null,
        null,
        null,
        null,
        null,
        null,
        1,
        null,
        null,
        null,
        1,
        null,
        null,
        null,
        null,
        null,
        null,
        null,
        null,
        null,
        1,
        null,
        null,
        1,
        null,
        null,
        1,
        null,
        null,
        1,
        null,
        null,
        1,
        null,
        null,
        1,
        1,
        1,
        null,
        null,
        null,
        null,
        null,
        null,
        null,
        null,
        null,
        1,
        null,
        null,
        null,
        null,
        null,
        1,
        null,
        null,
        1,
        null,
        null,
        null,
        null,
        null,
        null,
        null,
        1,
        null,
        null,
        1,
        null,
        null,
        null,
        null,
        null,
        null,
        null,
        null,
        null,
        null,
        null,
        null,
        null,
        null,
        null,
        null,
        null,
        null,
        null,
        null,
        null,
        null,
        null,
        null,
        null,
        null,
        null,
        null,
        null,
        null,
        null,
        null,
        null,
        null,
        null,
        null,
        null,
        null,
        null,
        null,
        null,
        null,
        null,
        null,
        1,
        null,
        null,
        null,
        null,
        null,
        null,
        null,
        null,
        null,
        null,
        null,
        null,
        null,
        null,
        null,
        null,
        null,
        null,
        null,
        null,
        null,
        null,
        null,
        null,
        null,
        null,
        null,
        null,
        null,
        null,
        null,
        null,
        null,
        null,
        null,
        null,
        1,
        null,
        null,
        null,
        null,
        null,
        null,
        null,
        null
      ],
      "/home/poustovitss/test tasks/simple_messenger/config/initializers/wrap_parameters.rb": [
        null,
        null,
        null,
        null,
        null,
        null,
        1,
        2,
        null,
        null,
        null,
        null,
        null,
        null
      ],
      "/home/poustovitss/test tasks/simple_messenger/spec/factories/conversations.rb": [
        1,
        1,
        1,
        1,
        null,
        null
      ],
      "/home/poustovitss/test tasks/simple_messenger/spec/factories/messages.rb": [
        1,
        1,
        1,
        1,
        1,
        null,
        null
      ],
      "/home/poustovitss/test tasks/simple_messenger/spec/factories/users.rb": [
        1,
        1,
        1,
        101,
        null,
        1,
        1,
        1,
        1,
        null,
        1,
        1,
        null,
        null,
        null
      ],
      "/home/poustovitss/test tasks/simple_messenger/config/routes.rb": [
        1,
        null,
        1,
        null,
        1,
        null,
        1,
        1,
        1,
        1,
        1,
        null,
        null,
        null,
        1,
        null,
        1,
        1,
        null,
        null,
        null,
        1,
        null,
        1,
        null
      ],
      "/home/poustovitss/test tasks/simple_messenger/app/models/user.rb": [
        1,
        1,
        1,
        null,
        1,
        null,
        1,
        null,
        6,
        44,
        80,
        null,
        1,
        null,
        null,
        1,
        133,
        null,
        null,
        1,
        35,
        null,
        null,
        1,
        76,
        null,
        null,
        1,
        3,
        null,
        null,
        1,
        83,
        null,
        null,
        1,
        52,
        null,
        null,
        1,
        null,
        1,
        4,
        null,
        null,
        1,
        190,
        null,
        null
      ],
      "/home/poustovitss/test tasks/simple_messenger/app/models/application_record.rb": [
        1,
        1,
        null
      ],
      "/home/poustovitss/test tasks/simple_messenger/app/controllers/users_controller.rb": [
        1,
        1,
        1,
        null,
        1,
        1,
        1,
        1,
        null,
        1,
        4,
        null,
        null,
        1,
        2,
        null,
        null,
        1,
        null,
        1,
        5,
        5,
        5,
        null,
        null,
        1,
        5,
        5,
        null,
        null,
        1,
        5,
        2,
        null,
        3,
        3,
        null,
        5,
        null,
        null,
        1,
        null,
        1,
        3,
        3,
        null,
        null,
        1,
        7,
        3,
        null,
        4,
        4,
        null,
        7,
        null,
        null,
        1,
        null,
        1,
        27,
        null,
        null,
        1,
        10,
        10,
        10,
        null,
        null,
        null,
        null,
        null,
        null,
        null,
        null,
        1,
        3,
        null,
        null,
        1,
        10,
        1,
        null,
        null,
        null
      ],
      "/home/poustovitss/test tasks/simple_messenger/app/controllers/application_controller.rb": [
        1,
        1,
        1,
        null,
        1,
        29,
        null,
        null,
        1,
        9,
        9,
        null,
        9,
        null,
        null
      ],
      "/home/poustovitss/test tasks/simple_messenger/app/helpers/application_helper.rb": [
        1,
        1,
        2,
        null,
        null,
        1,
        3,
        6,
        null,
        null,
        null
      ],
      "/home/poustovitss/test tasks/simple_messenger/app/helpers/users_helper.rb": [
        1,
        1,
        1,
        null,
        null,
        null,
        null,
        null,
        null,
        null,
        1,
        null,
        null,
        null,
        1,
        1,
        null,
        null,
        null,
        1,
        4,
        null,
        null,
        1,
        1,
        1,
        null,
        0,
        null,
        null,
        null,
        1,
        2,
        null,
        null,
        1,
        null,
        1,
        1,
        null,
        null,
        null,
        1,
        null,
        1,
        1,
        null,
        null,
        null
      ],
      "/home/poustovitss/test tasks/simple_messenger/spec/controllers/conversations_controller_spec.rb": [
        1,
        null,
        1,
        1,
        22,
        1,
        21,
        null,
        null,
        1,
        1,
        6,
        null,
        null,
        1,
        1,
        null,
        null,
        1,
        1,
        null,
        null,
        1,
        1,
        1,
        null,
        null,
        1,
        1,
        1,
        null,
        null,
        1,
        1,
        1,
        null,
        null,
        1,
        1,
        null,
        null,
        null,
        1,
        1,
        3,
        3,
        1,
        2,
        null,
        null,
        null,
        1,
        1,
        1,
        null,
        null,
        1,
        1,
        1,
        null,
        null,
        null,
        null,
        1,
        1,
        2,
        null,
        null,
        null,
        1,
        1,
        null,
        1,
        null,
        null,
        1,
        1,
        1,
        null,
        null,
        null,
        null,
        null,
        null,
        1,
        3,
        null,
        1,
        1,
        4,
        4,
        null,
        null,
        null,
        4,
        null,
        null,
        1,
        1,
        null,
        null,
        1,
        1,
        null,
        null,
        1,
        1,
        null,
        null,
        1,
        1,
        1,
        null,
        null,
        null,
        1,
        1,
        2,
        null,
        null,
        1,
        1,
        null,
        null,
        1,
        1,
        null,
        null,
        null,
        null,
        1,
        4,
        null,
        1,
        1,
        3,
        null,
        1,
        1,
        null,
        null,
        1,
        1,
        1,
        null,
        null,
        1,
        1,
        null,
        null,
        null,
        1,
        3,
        null,
        1,
        2,
        null,
        null,
        1,
        1,
        1,
        null,
        null,
        1,
        1,
        null,
        null,
        1,
        null,
        null,
        null,
        null,
        null
      ],
      "/home/poustovitss/test tasks/simple_messenger/app/controllers/conversations_controller.rb": [
        1,
        1,
        null,
        1,
        42,
        42,
        42,
        null,
        42,
        null,
        42,
        null,
        null,
        1,
        5,
        5,
        null,
        5,
        2,
        null,
        3,
        null,
        5,
        null,
        null,
        1,
        12,
        9,
        9,
        9,
        null,
        3,
        null,
        null,
        null,
        1,
        6,
        4,
        4,
        null,
        null,
        1,
        null,
        1,
        15,
        null,
        null,
        1,
        18,
        null,
        null
      ],
      "/home/poustovitss/test tasks/simple_messenger/spec/controllers/messages_controller_spec.rb": [
        1,
        null,
        1,
        1,
        8,
        8,
        8,
        null,
        null,
        1,
        7,
        null,
        null,
        1,
        4,
        4,
        null,
        null,
        1,
        3,
        null,
        null,
        1,
        3,
        null,
        null,
        null,
        1,
        1,
        1,
        1,
        null,
        null,
        1,
        1,
        1,
        null,
        null,
        null,
        1,
        1,
        1,
        null,
        null,
        null,
        1,
        1,
        1,
        1,
        null,
        null,
        1,
        1,
        1,
        null,
        null,
        null,
        1,
        1,
        1,
        null,
        null,
        null,
        null,
        1,
        1,
        1,
        null,
        null,
        null,
        1,
        1,
        null,
        null,
        null,
        null
      ],
      "/home/poustovitss/test tasks/simple_messenger/app/controllers/messages_controller.rb": [
        1,
        1,
        null,
        1,
        6,
        6,
        3,
        3,
        null,
        null,
        3,
        null,
        null,
        null,
        null,
        1,
        4,
        null,
        null,
        1,
        null,
        1,
        3,
        null,
        null,
        null,
        1,
        6,
        null,
        null,
        1,
        6,
        null,
        null,
        1,
        3,
        3,
        null,
        0,
        null,
        null,
        null
      ],
      "/home/poustovitss/test tasks/simple_messenger/spec/features/conversations_page_spec.rb": [
        1,
        1,
        1,
        null,
        1,
        11,
        9,
        11,
        11,
        null,
        1,
        10,
        null,
        null,
        1,
        1,
        1,
        1,
        null,
        null,
        1,
        1,
        1,
        null,
        null,
        null,
        1,
        1,
        2,
        null,
        null,
        1,
        1,
        1,
        1,
        null,
        null,
        1,
        1,
        1,
        null,
        null,
        null,
        1,
        1,
        2,
        null,
        null,
        null,
        null,
        1,
        2,
        null,
        null,
        1,
        1,
        1,
        null,
        null,
        1,
        1,
        1,
        null,
        null,
        null,
        1,
        1,
        4,
        null,
        null,
        null,
        1,
        4,
        null,
        null,
        null,
        null,
        null,
        null,
        1,
        4,
        4,
        null,
        null,
        1,
        1,
        1,
        1,
        null,
        null,
        null,
        1,
        1,
        1,
        null,
        null,
        1,
        1,
        null,
        null,
        null,
        2,
        null,
        null,
        null,
        1,
        1,
        1,
        null,
        null,
        null,
        1,
        1,
        null,
        null,
        null,
        null
      ],
      "/home/poustovitss/test tasks/simple_messenger/spec/support/log_in_form.rb": [
        1,
        1,
        null,
        1,
        18,
        18,
        null,
        null,
        1,
        18,
        18,
        18,
        18,
        null,
        null
      ],
      "/home/poustovitss/test tasks/simple_messenger/spec/support/mailbox_page.rb": [
        1,
        1,
        null,
        1,
        11,
        11,
        null,
        null,
        1,
        1,
        1,
        null,
        1,
        1,
        null,
        null,
        1,
        1,
        1,
        null,
        null,
        1,
        2,
        2,
        null,
        null,
        1,
        1,
        1,
        null,
        1,
        null,
        null,
        1,
        3,
        3,
        null,
        null,
        1,
        2,
        2,
        null,
        null
      ],
      "/home/poustovitss/test tasks/simple_messenger/spec/features/messages_page_spec.rb": [
        1,
        1,
        1,
        null,
        1,
        2,
        2,
        2,
        2,
        1,
        1,
        null,
        null,
        null,
        1,
        1,
        null,
        null,
        null,
        null,
        null,
        null,
        1,
        1,
        1,
        1,
        null,
        null,
        1,
        1,
        1,
        null,
        null
      ],
      "/home/poustovitss/test tasks/simple_messenger/spec/features/user_accesses_spec.rb": [
        1,
        1,
        null,
        1,
        8,
        null,
        6,
        5,
        null,
        2,
        null,
        1,
        1,
        2,
        null,
        null,
        1,
        1,
        1,
        null,
        1,
        null,
        null,
        1,
        1,
        null,
        1,
        null,
        null,
        null,
        null,
        1,
        1,
        5,
        null,
        null,
        1,
        1,
        1,
        null,
        1,
        null,
        null,
        1,
        1,
        null,
        1,
        null,
        null,
        null,
        1,
        1,
        3,
        null,
        null,
        1,
        1,
        null,
        null,
        1,
        1,
        null,
        null,
        1,
        1,
        null,
        null,
        null,
        null
      ],
      "/home/poustovitss/test tasks/simple_messenger/spec/models/conversation_spec.rb": [
        1,
        null,
        1,
        1,
        1,
        1,
        1,
        1,
        null,
        null,
        1,
        1,
        null,
        1,
        null,
        null,
        null,
        1,
        2,
        2,
        2,
        null,
        null,
        1,
        2,
        null,
        null,
        1,
        1,
        4,
        4,
        4,
        4,
        null,
        null,
        4,
        null,
        null,
        null,
        null,
        null,
        null,
        1,
        1,
        null,
        null,
        1,
        1,
        1,
        null,
        1,
        1,
        null,
        null,
        null,
        1,
        1,
        1,
        1,
        null,
        null,
        null
      ],
      "/home/poustovitss/test tasks/simple_messenger/app/models/conversation.rb": [
        1,
        1,
        1,
        1,
        null,
        1,
        null,
        1,
        6,
        null,
        null,
        null,
        null,
        null,
        null,
        null,
        1,
        9,
        9,
        0,
        0,
        null,
        null,
        null,
        1,
        20,
        6,
        null,
        null,
        1,
        null,
        10,
        null,
        null
      ],
      "/home/poustovitss/test tasks/simple_messenger/spec/models/message_spec.rb": [
        1,
        null,
        1,
        1,
        4,
        4,
        4,
        1,
        3,
        null,
        null,
        null,
        null,
        3,
        null,
        null,
        null,
        null,
        null,
        null,
        1,
        1,
        null,
        null,
        1,
        1,
        null,
        null,
        1,
        1,
        null,
        null,
        null,
        1,
        2,
        2,
        null,
        null,
        1,
        2,
        2,
        2,
        2,
        null,
        null,
        1,
        1,
        1,
        null,
        1,
        null,
        null,
        1,
        1,
        1,
        null,
        1,
        null,
        null,
        1,
        1,
        1,
        null,
        1,
        null,
        null,
        null
      ],
      "/home/poustovitss/test tasks/simple_messenger/app/models/message.rb": [
        1,
        1,
        1,
        null,
        1,
        1,
        null,
        11,
        54,
        54,
        null,
        1,
        4,
        null,
        null,
        1,
        1,
        0,
        null,
        null,
        1,
        4,
        null,
        null
      ],
      "/home/poustovitss/test tasks/simple_messenger/spec/models/user_spec.rb": [
        1,
        null,
        1,
        1,
        1,
        1,
        1,
        null,
        1,
        null,
        null,
        1,
        1,
        1,
        null,
        1,
        null,
        null,
        1,
        1,
        1,
        null,
        null,
        null,
        1,
        2,
        null,
        1,
        1,
        2,
        null,
        null,
        null,
        null,
        1,
        2,
        2,
        2,
        2,
        null,
        null,
        1,
        3,
        null,
        1,
        1,
        null,
        null,
        1,
        1,
        1,
        1,
        null,
        null,
        null,
        1,
        1,
        1,
        1,
        null,
        null,
        1,
        1,
        1,
        null,
        null,
        1,
        1,
        1,
        null,
        null,
        1,
        1,
        1,
        null,
        null,
        1,
        1,
        null,
        1,
        null,
        null,
        1,
        1,
        1,
        1,
        1,
        null,
        1,
        null,
        null,
        1,
        1,
        1,
        1,
        null,
        null,
        null,
        1,
        null,
        null,
        null,
        null,
        1,
        null,
        null,
        null
      ],
      "/home/poustovitss/test tasks/simple_messenger/app/controllers/my_base_devise_controller.rb": [
        1,
        1,
        1,
        1,
        null,
        1,
        null,
        1,
        36,
        36,
        null,
        null,
        1,
        null,
        1,
        0,
        null,
        null
      ],
      "/home/poustovitss/test tasks/simple_messenger/app/models/current.rb": [
        1,
        1,
        null
      ]
    },
    "timestamp": 1495626372
  }
}
